<?xml version="1.0" encoding="UTF-8"?>
<!-- Generated by org.testng.reporters.JUnitReportReporter -->
<testsuite hostname="DESKTOP-E2LSHID" failures="0" tests="2" name="SampleTests.homePage" time="4.445" errors="0" timestamp="2024-03-30T19:21:58 IST" skipped="0">
  <testcase classname="SampleTests.homePage" name="testcase1" time="3.419"/>
  <testcase classname="SampleTests.homePage" name="testcase2" time="1.026"/>
</testsuite> <!-- SampleTests.homePage -->
